[10:58:05:045] [WARN] - org.apache.juli.logging.DirectJDKLog.log(DirectJDKLog.java:181) - Failed to scan [file:/E:/maven/repository/com/mchange/c3p0/0.9.5.2/mchange-commons-java-0.2.11.jar] from classloader hierarchy
java.io.FileNotFoundException: E:\maven\repository\com\mchange\c3p0\0.9.5.2\mchange-commons-java-0.2.11.jar (系统找不到指定的文件。)
	at java.util.zip.ZipFile.open(Native Method) ~[?:1.8.0_121]
	at java.util.zip.ZipFile.<init>(Unknown Source) ~[?:1.8.0_121]
	at java.util.zip.ZipFile.<init>(Unknown Source) ~[?:1.8.0_121]
	at java.util.jar.JarFile.<init>(Unknown Source) ~[?:1.8.0_121]
	at java.util.jar.JarFile.<init>(Unknown Source) ~[?:1.8.0_121]
	at org.apache.tomcat.util.scan.JarFileUrlJar.<init>(JarFileUrlJar.java:60) ~[tomcat-embed-core-8.5.15.jar:8.5.15]
	at org.apache.tomcat.util.scan.JarFactory.newInstance(JarFactory.java:49) ~[tomcat-embed-core-8.5.15.jar:8.5.15]
	at org.apache.tomcat.util.scan.StandardJarScanner.process(StandardJarScanner.java:338) ~[tomcat-embed-core-8.5.15.jar:8.5.15]
	at org.apache.tomcat.util.scan.StandardJarScanner.scan(StandardJarScanner.java:288) [tomcat-embed-core-8.5.15.jar:8.5.15]
	at org.apache.jasper.servlet.TldScanner.scanJars(TldScanner.java:262) [tomcat-embed-jasper-8.5.15.jar:8.5.15]
	at org.apache.jasper.servlet.TldScanner.scan(TldScanner.java:104) [tomcat-embed-jasper-8.5.15.jar:8.5.15]
	at org.apache.jasper.servlet.JasperInitializer.onStartup(JasperInitializer.java:101) [tomcat-embed-jasper-8.5.15.jar:8.5.15]
	at org.apache.catalina.core.StandardContext.startInternal(StandardContext.java:5196) [tomcat-embed-core-8.5.15.jar:8.5.15]
	at org.apache.catalina.util.LifecycleBase.start(LifecycleBase.java:150) [tomcat-embed-core-8.5.15.jar:8.5.15]
	at org.apache.catalina.core.ContainerBase$StartChild.call(ContainerBase.java:1419) [tomcat-embed-core-8.5.15.jar:8.5.15]
	at org.apache.catalina.core.ContainerBase$StartChild.call(ContainerBase.java:1409) [tomcat-embed-core-8.5.15.jar:8.5.15]
	at java.util.concurrent.FutureTask.run(Unknown Source) [?:1.8.0_121]
	at java.util.concurrent.ThreadPoolExecutor.runWorker(Unknown Source) [?:1.8.0_121]
	at java.util.concurrent.ThreadPoolExecutor$Worker.run(Unknown Source) [?:1.8.0_121]
	at java.lang.Thread.run(Unknown Source) [?:1.8.0_121]
[10:58:07:625] [WARN] - org.springframework.boot.starter.redis.RedisStarterDeprecationWarningAutoConfiguration.logWarning(RedisStarterDeprecationWarningAutoConfiguration.java:43) - spring-boot-starter-redis is deprecated as of Spring Boot 1.4, please migrate to spring-boot-starter-data-redis
[10:59:33:716] [WARN] - org.apache.juli.logging.DirectJDKLog.log(DirectJDKLog.java:181) - Failed to scan [file:/E:/maven/repository/com/mchange/c3p0/0.9.5.2/mchange-commons-java-0.2.11.jar] from classloader hierarchy
java.io.FileNotFoundException: E:\maven\repository\com\mchange\c3p0\0.9.5.2\mchange-commons-java-0.2.11.jar (系统找不到指定的文件。)
	at java.util.zip.ZipFile.open(Native Method) ~[?:1.8.0_121]
	at java.util.zip.ZipFile.<init>(Unknown Source) ~[?:1.8.0_121]
	at java.util.zip.ZipFile.<init>(Unknown Source) ~[?:1.8.0_121]
	at java.util.jar.JarFile.<init>(Unknown Source) ~[?:1.8.0_121]
	at java.util.jar.JarFile.<init>(Unknown Source) ~[?:1.8.0_121]
	at org.apache.tomcat.util.scan.JarFileUrlJar.<init>(JarFileUrlJar.java:60) ~[tomcat-embed-core-8.5.15.jar:8.5.15]
	at org.apache.tomcat.util.scan.JarFactory.newInstance(JarFactory.java:49) ~[tomcat-embed-core-8.5.15.jar:8.5.15]
	at org.apache.tomcat.util.scan.StandardJarScanner.process(StandardJarScanner.java:338) ~[tomcat-embed-core-8.5.15.jar:8.5.15]
	at org.apache.tomcat.util.scan.StandardJarScanner.scan(StandardJarScanner.java:288) [tomcat-embed-core-8.5.15.jar:8.5.15]
	at org.apache.jasper.servlet.TldScanner.scanJars(TldScanner.java:262) [tomcat-embed-jasper-8.5.15.jar:8.5.15]
	at org.apache.jasper.servlet.TldScanner.scan(TldScanner.java:104) [tomcat-embed-jasper-8.5.15.jar:8.5.15]
	at org.apache.jasper.servlet.JasperInitializer.onStartup(JasperInitializer.java:101) [tomcat-embed-jasper-8.5.15.jar:8.5.15]
	at org.apache.catalina.core.StandardContext.startInternal(StandardContext.java:5196) [tomcat-embed-core-8.5.15.jar:8.5.15]
	at org.apache.catalina.util.LifecycleBase.start(LifecycleBase.java:150) [tomcat-embed-core-8.5.15.jar:8.5.15]
	at org.apache.catalina.core.ContainerBase$StartChild.call(ContainerBase.java:1419) [tomcat-embed-core-8.5.15.jar:8.5.15]
	at org.apache.catalina.core.ContainerBase$StartChild.call(ContainerBase.java:1409) [tomcat-embed-core-8.5.15.jar:8.5.15]
	at java.util.concurrent.FutureTask.run(Unknown Source) [?:1.8.0_121]
	at java.util.concurrent.ThreadPoolExecutor.runWorker(Unknown Source) [?:1.8.0_121]
	at java.util.concurrent.ThreadPoolExecutor$Worker.run(Unknown Source) [?:1.8.0_121]
	at java.lang.Thread.run(Unknown Source) [?:1.8.0_121]
[10:59:36:048] [WARN] - org.springframework.boot.starter.redis.RedisStarterDeprecationWarningAutoConfiguration.logWarning(RedisStarterDeprecationWarningAutoConfiguration.java:43) - spring-boot-starter-redis is deprecated as of Spring Boot 1.4, please migrate to spring-boot-starter-data-redis
[11:01:45:228] [WARN] - org.apache.juli.logging.DirectJDKLog.log(DirectJDKLog.java:181) - Failed to scan [file:/E:/maven/repository/com/mchange/c3p0/0.9.5.2/mchange-commons-java-0.2.11.jar] from classloader hierarchy
java.io.FileNotFoundException: E:\maven\repository\com\mchange\c3p0\0.9.5.2\mchange-commons-java-0.2.11.jar (系统找不到指定的文件。)
	at java.util.zip.ZipFile.open(Native Method) ~[?:1.8.0_121]
	at java.util.zip.ZipFile.<init>(Unknown Source) ~[?:1.8.0_121]
	at java.util.zip.ZipFile.<init>(Unknown Source) ~[?:1.8.0_121]
	at java.util.jar.JarFile.<init>(Unknown Source) ~[?:1.8.0_121]
	at java.util.jar.JarFile.<init>(Unknown Source) ~[?:1.8.0_121]
	at org.apache.tomcat.util.scan.JarFileUrlJar.<init>(JarFileUrlJar.java:60) ~[tomcat-embed-core-8.5.15.jar:8.5.15]
	at org.apache.tomcat.util.scan.JarFactory.newInstance(JarFactory.java:49) ~[tomcat-embed-core-8.5.15.jar:8.5.15]
	at org.apache.tomcat.util.scan.StandardJarScanner.process(StandardJarScanner.java:338) ~[tomcat-embed-core-8.5.15.jar:8.5.15]
	at org.apache.tomcat.util.scan.StandardJarScanner.scan(StandardJarScanner.java:288) [tomcat-embed-core-8.5.15.jar:8.5.15]
	at org.apache.jasper.servlet.TldScanner.scanJars(TldScanner.java:262) [tomcat-embed-jasper-8.5.15.jar:8.5.15]
	at org.apache.jasper.servlet.TldScanner.scan(TldScanner.java:104) [tomcat-embed-jasper-8.5.15.jar:8.5.15]
	at org.apache.jasper.servlet.JasperInitializer.onStartup(JasperInitializer.java:101) [tomcat-embed-jasper-8.5.15.jar:8.5.15]
	at org.apache.catalina.core.StandardContext.startInternal(StandardContext.java:5196) [tomcat-embed-core-8.5.15.jar:8.5.15]
	at org.apache.catalina.util.LifecycleBase.start(LifecycleBase.java:150) [tomcat-embed-core-8.5.15.jar:8.5.15]
	at org.apache.catalina.core.ContainerBase$StartChild.call(ContainerBase.java:1419) [tomcat-embed-core-8.5.15.jar:8.5.15]
	at org.apache.catalina.core.ContainerBase$StartChild.call(ContainerBase.java:1409) [tomcat-embed-core-8.5.15.jar:8.5.15]
	at java.util.concurrent.FutureTask.run(Unknown Source) [?:1.8.0_121]
	at java.util.concurrent.ThreadPoolExecutor.runWorker(Unknown Source) [?:1.8.0_121]
	at java.util.concurrent.ThreadPoolExecutor$Worker.run(Unknown Source) [?:1.8.0_121]
	at java.lang.Thread.run(Unknown Source) [?:1.8.0_121]
[11:01:47:284] [WARN] - org.springframework.boot.starter.redis.RedisStarterDeprecationWarningAutoConfiguration.logWarning(RedisStarterDeprecationWarningAutoConfiguration.java:43) - spring-boot-starter-redis is deprecated as of Spring Boot 1.4, please migrate to spring-boot-starter-data-redis
[11:10:10:868] [WARN] - org.apache.juli.logging.DirectJDKLog.log(DirectJDKLog.java:181) - Failed to scan [file:/E:/maven/repository/com/mchange/c3p0/0.9.5.2/mchange-commons-java-0.2.11.jar] from classloader hierarchy
java.io.FileNotFoundException: E:\maven\repository\com\mchange\c3p0\0.9.5.2\mchange-commons-java-0.2.11.jar (系统找不到指定的文件。)
	at java.util.zip.ZipFile.open(Native Method) ~[?:1.8.0_121]
	at java.util.zip.ZipFile.<init>(Unknown Source) ~[?:1.8.0_121]
	at java.util.zip.ZipFile.<init>(Unknown Source) ~[?:1.8.0_121]
	at java.util.jar.JarFile.<init>(Unknown Source) ~[?:1.8.0_121]
	at java.util.jar.JarFile.<init>(Unknown Source) ~[?:1.8.0_121]
	at org.apache.tomcat.util.scan.JarFileUrlJar.<init>(JarFileUrlJar.java:60) ~[tomcat-embed-core-8.5.15.jar:8.5.15]
	at org.apache.tomcat.util.scan.JarFactory.newInstance(JarFactory.java:49) ~[tomcat-embed-core-8.5.15.jar:8.5.15]
	at org.apache.tomcat.util.scan.StandardJarScanner.process(StandardJarScanner.java:338) ~[tomcat-embed-core-8.5.15.jar:8.5.15]
	at org.apache.tomcat.util.scan.StandardJarScanner.scan(StandardJarScanner.java:288) [tomcat-embed-core-8.5.15.jar:8.5.15]
	at org.apache.jasper.servlet.TldScanner.scanJars(TldScanner.java:262) [tomcat-embed-jasper-8.5.15.jar:8.5.15]
	at org.apache.jasper.servlet.TldScanner.scan(TldScanner.java:104) [tomcat-embed-jasper-8.5.15.jar:8.5.15]
	at org.apache.jasper.servlet.JasperInitializer.onStartup(JasperInitializer.java:101) [tomcat-embed-jasper-8.5.15.jar:8.5.15]
	at org.apache.catalina.core.StandardContext.startInternal(StandardContext.java:5196) [tomcat-embed-core-8.5.15.jar:8.5.15]
	at org.apache.catalina.util.LifecycleBase.start(LifecycleBase.java:150) [tomcat-embed-core-8.5.15.jar:8.5.15]
	at org.apache.catalina.core.ContainerBase$StartChild.call(ContainerBase.java:1419) [tomcat-embed-core-8.5.15.jar:8.5.15]
	at org.apache.catalina.core.ContainerBase$StartChild.call(ContainerBase.java:1409) [tomcat-embed-core-8.5.15.jar:8.5.15]
	at java.util.concurrent.FutureTask.run(Unknown Source) [?:1.8.0_121]
	at java.util.concurrent.ThreadPoolExecutor.runWorker(Unknown Source) [?:1.8.0_121]
	at java.util.concurrent.ThreadPoolExecutor$Worker.run(Unknown Source) [?:1.8.0_121]
	at java.lang.Thread.run(Unknown Source) [?:1.8.0_121]
[11:10:12:891] [WARN] - org.springframework.boot.starter.redis.RedisStarterDeprecationWarningAutoConfiguration.logWarning(RedisStarterDeprecationWarningAutoConfiguration.java:43) - spring-boot-starter-redis is deprecated as of Spring Boot 1.4, please migrate to spring-boot-starter-data-redis
[11:31:03:776] [WARN] - org.apache.juli.logging.DirectJDKLog.log(DirectJDKLog.java:181) - Failed to scan [file:/E:/maven/repository/com/mchange/c3p0/0.9.5.2/mchange-commons-java-0.2.11.jar] from classloader hierarchy
java.io.FileNotFoundException: E:\maven\repository\com\mchange\c3p0\0.9.5.2\mchange-commons-java-0.2.11.jar (系统找不到指定的文件。)
	at java.util.zip.ZipFile.open(Native Method) ~[?:1.8.0_121]
	at java.util.zip.ZipFile.<init>(Unknown Source) ~[?:1.8.0_121]
	at java.util.zip.ZipFile.<init>(Unknown Source) ~[?:1.8.0_121]
	at java.util.jar.JarFile.<init>(Unknown Source) ~[?:1.8.0_121]
	at java.util.jar.JarFile.<init>(Unknown Source) ~[?:1.8.0_121]
	at org.apache.tomcat.util.scan.JarFileUrlJar.<init>(JarFileUrlJar.java:60) ~[tomcat-embed-core-8.5.15.jar:8.5.15]
	at org.apache.tomcat.util.scan.JarFactory.newInstance(JarFactory.java:49) ~[tomcat-embed-core-8.5.15.jar:8.5.15]
	at org.apache.tomcat.util.scan.StandardJarScanner.process(StandardJarScanner.java:338) ~[tomcat-embed-core-8.5.15.jar:8.5.15]
	at org.apache.tomcat.util.scan.StandardJarScanner.scan(StandardJarScanner.java:288) [tomcat-embed-core-8.5.15.jar:8.5.15]
	at org.apache.jasper.servlet.TldScanner.scanJars(TldScanner.java:262) [tomcat-embed-jasper-8.5.15.jar:8.5.15]
	at org.apache.jasper.servlet.TldScanner.scan(TldScanner.java:104) [tomcat-embed-jasper-8.5.15.jar:8.5.15]
	at org.apache.jasper.servlet.JasperInitializer.onStartup(JasperInitializer.java:101) [tomcat-embed-jasper-8.5.15.jar:8.5.15]
	at org.apache.catalina.core.StandardContext.startInternal(StandardContext.java:5196) [tomcat-embed-core-8.5.15.jar:8.5.15]
	at org.apache.catalina.util.LifecycleBase.start(LifecycleBase.java:150) [tomcat-embed-core-8.5.15.jar:8.5.15]
	at org.apache.catalina.core.ContainerBase$StartChild.call(ContainerBase.java:1419) [tomcat-embed-core-8.5.15.jar:8.5.15]
	at org.apache.catalina.core.ContainerBase$StartChild.call(ContainerBase.java:1409) [tomcat-embed-core-8.5.15.jar:8.5.15]
	at java.util.concurrent.FutureTask.run(Unknown Source) [?:1.8.0_121]
	at java.util.concurrent.ThreadPoolExecutor.runWorker(Unknown Source) [?:1.8.0_121]
	at java.util.concurrent.ThreadPoolExecutor$Worker.run(Unknown Source) [?:1.8.0_121]
	at java.lang.Thread.run(Unknown Source) [?:1.8.0_121]
[11:31:05:934] [WARN] - org.springframework.boot.starter.redis.RedisStarterDeprecationWarningAutoConfiguration.logWarning(RedisStarterDeprecationWarningAutoConfiguration.java:43) - spring-boot-starter-redis is deprecated as of Spring Boot 1.4, please migrate to spring-boot-starter-data-redis
[12:03:23:753] [WARN] - org.apache.juli.logging.DirectJDKLog.log(DirectJDKLog.java:181) - Failed to scan [file:/E:/maven/repository/com/mchange/c3p0/0.9.5.2/mchange-commons-java-0.2.11.jar] from classloader hierarchy
java.io.FileNotFoundException: E:\maven\repository\com\mchange\c3p0\0.9.5.2\mchange-commons-java-0.2.11.jar (系统找不到指定的文件。)
	at java.util.zip.ZipFile.open(Native Method) ~[?:1.8.0_121]
	at java.util.zip.ZipFile.<init>(Unknown Source) ~[?:1.8.0_121]
	at java.util.zip.ZipFile.<init>(Unknown Source) ~[?:1.8.0_121]
	at java.util.jar.JarFile.<init>(Unknown Source) ~[?:1.8.0_121]
	at java.util.jar.JarFile.<init>(Unknown Source) ~[?:1.8.0_121]
	at org.apache.tomcat.util.scan.JarFileUrlJar.<init>(JarFileUrlJar.java:60) ~[tomcat-embed-core-8.5.15.jar:8.5.15]
	at org.apache.tomcat.util.scan.JarFactory.newInstance(JarFactory.java:49) ~[tomcat-embed-core-8.5.15.jar:8.5.15]
	at org.apache.tomcat.util.scan.StandardJarScanner.process(StandardJarScanner.java:338) ~[tomcat-embed-core-8.5.15.jar:8.5.15]
	at org.apache.tomcat.util.scan.StandardJarScanner.scan(StandardJarScanner.java:288) [tomcat-embed-core-8.5.15.jar:8.5.15]
	at org.apache.jasper.servlet.TldScanner.scanJars(TldScanner.java:262) [tomcat-embed-jasper-8.5.15.jar:8.5.15]
	at org.apache.jasper.servlet.TldScanner.scan(TldScanner.java:104) [tomcat-embed-jasper-8.5.15.jar:8.5.15]
	at org.apache.jasper.servlet.JasperInitializer.onStartup(JasperInitializer.java:101) [tomcat-embed-jasper-8.5.15.jar:8.5.15]
	at org.apache.catalina.core.StandardContext.startInternal(StandardContext.java:5196) [tomcat-embed-core-8.5.15.jar:8.5.15]
	at org.apache.catalina.util.LifecycleBase.start(LifecycleBase.java:150) [tomcat-embed-core-8.5.15.jar:8.5.15]
	at org.apache.catalina.core.ContainerBase$StartChild.call(ContainerBase.java:1419) [tomcat-embed-core-8.5.15.jar:8.5.15]
	at org.apache.catalina.core.ContainerBase$StartChild.call(ContainerBase.java:1409) [tomcat-embed-core-8.5.15.jar:8.5.15]
	at java.util.concurrent.FutureTask.run(Unknown Source) [?:1.8.0_121]
	at java.util.concurrent.ThreadPoolExecutor.runWorker(Unknown Source) [?:1.8.0_121]
	at java.util.concurrent.ThreadPoolExecutor$Worker.run(Unknown Source) [?:1.8.0_121]
	at java.lang.Thread.run(Unknown Source) [?:1.8.0_121]
[12:03:25:709] [WARN] - org.springframework.boot.starter.redis.RedisStarterDeprecationWarningAutoConfiguration.logWarning(RedisStarterDeprecationWarningAutoConfiguration.java:43) - spring-boot-starter-redis is deprecated as of Spring Boot 1.4, please migrate to spring-boot-starter-data-redis
[12:04:37:076] [WARN] - org.apache.juli.logging.DirectJDKLog.log(DirectJDKLog.java:181) - Failed to scan [file:/E:/maven/repository/com/mchange/c3p0/0.9.5.2/mchange-commons-java-0.2.11.jar] from classloader hierarchy
java.io.FileNotFoundException: E:\maven\repository\com\mchange\c3p0\0.9.5.2\mchange-commons-java-0.2.11.jar (系统找不到指定的文件。)
	at java.util.zip.ZipFile.open(Native Method) ~[?:1.8.0_121]
	at java.util.zip.ZipFile.<init>(Unknown Source) ~[?:1.8.0_121]
	at java.util.zip.ZipFile.<init>(Unknown Source) ~[?:1.8.0_121]
	at java.util.jar.JarFile.<init>(Unknown Source) ~[?:1.8.0_121]
	at java.util.jar.JarFile.<init>(Unknown Source) ~[?:1.8.0_121]
	at org.apache.tomcat.util.scan.JarFileUrlJar.<init>(JarFileUrlJar.java:60) ~[tomcat-embed-core-8.5.15.jar:8.5.15]
	at org.apache.tomcat.util.scan.JarFactory.newInstance(JarFactory.java:49) ~[tomcat-embed-core-8.5.15.jar:8.5.15]
	at org.apache.tomcat.util.scan.StandardJarScanner.process(StandardJarScanner.java:338) ~[tomcat-embed-core-8.5.15.jar:8.5.15]
	at org.apache.tomcat.util.scan.StandardJarScanner.scan(StandardJarScanner.java:288) [tomcat-embed-core-8.5.15.jar:8.5.15]
	at org.apache.jasper.servlet.TldScanner.scanJars(TldScanner.java:262) [tomcat-embed-jasper-8.5.15.jar:8.5.15]
	at org.apache.jasper.servlet.TldScanner.scan(TldScanner.java:104) [tomcat-embed-jasper-8.5.15.jar:8.5.15]
	at org.apache.jasper.servlet.JasperInitializer.onStartup(JasperInitializer.java:101) [tomcat-embed-jasper-8.5.15.jar:8.5.15]
	at org.apache.catalina.core.StandardContext.startInternal(StandardContext.java:5196) [tomcat-embed-core-8.5.15.jar:8.5.15]
	at org.apache.catalina.util.LifecycleBase.start(LifecycleBase.java:150) [tomcat-embed-core-8.5.15.jar:8.5.15]
	at org.apache.catalina.core.ContainerBase$StartChild.call(ContainerBase.java:1419) [tomcat-embed-core-8.5.15.jar:8.5.15]
	at org.apache.catalina.core.ContainerBase$StartChild.call(ContainerBase.java:1409) [tomcat-embed-core-8.5.15.jar:8.5.15]
	at java.util.concurrent.FutureTask.run(Unknown Source) [?:1.8.0_121]
	at java.util.concurrent.ThreadPoolExecutor.runWorker(Unknown Source) [?:1.8.0_121]
	at java.util.concurrent.ThreadPoolExecutor$Worker.run(Unknown Source) [?:1.8.0_121]
	at java.lang.Thread.run(Unknown Source) [?:1.8.0_121]
[12:04:39:097] [WARN] - org.springframework.boot.starter.redis.RedisStarterDeprecationWarningAutoConfiguration.logWarning(RedisStarterDeprecationWarningAutoConfiguration.java:43) - spring-boot-starter-redis is deprecated as of Spring Boot 1.4, please migrate to spring-boot-starter-data-redis
[17:12:20:112] [WARN] - org.apache.juli.logging.DirectJDKLog.log(DirectJDKLog.java:181) - Failed to scan [file:/E:/maven/repository/com/mchange/c3p0/0.9.5.2/mchange-commons-java-0.2.11.jar] from classloader hierarchy
java.io.FileNotFoundException: E:\maven\repository\com\mchange\c3p0\0.9.5.2\mchange-commons-java-0.2.11.jar (系统找不到指定的文件。)
	at java.util.zip.ZipFile.open(Native Method) ~[?:1.8.0_121]
	at java.util.zip.ZipFile.<init>(Unknown Source) ~[?:1.8.0_121]
	at java.util.zip.ZipFile.<init>(Unknown Source) ~[?:1.8.0_121]
	at java.util.jar.JarFile.<init>(Unknown Source) ~[?:1.8.0_121]
	at java.util.jar.JarFile.<init>(Unknown Source) ~[?:1.8.0_121]
	at org.apache.tomcat.util.scan.JarFileUrlJar.<init>(JarFileUrlJar.java:60) ~[tomcat-embed-core-8.5.15.jar:8.5.15]
	at org.apache.tomcat.util.scan.JarFactory.newInstance(JarFactory.java:49) ~[tomcat-embed-core-8.5.15.jar:8.5.15]
	at org.apache.tomcat.util.scan.StandardJarScanner.process(StandardJarScanner.java:338) ~[tomcat-embed-core-8.5.15.jar:8.5.15]
	at org.apache.tomcat.util.scan.StandardJarScanner.scan(StandardJarScanner.java:288) [tomcat-embed-core-8.5.15.jar:8.5.15]
	at org.apache.jasper.servlet.TldScanner.scanJars(TldScanner.java:262) [tomcat-embed-jasper-8.5.15.jar:8.5.15]
	at org.apache.jasper.servlet.TldScanner.scan(TldScanner.java:104) [tomcat-embed-jasper-8.5.15.jar:8.5.15]
	at org.apache.jasper.servlet.JasperInitializer.onStartup(JasperInitializer.java:101) [tomcat-embed-jasper-8.5.15.jar:8.5.15]
	at org.apache.catalina.core.StandardContext.startInternal(StandardContext.java:5196) [tomcat-embed-core-8.5.15.jar:8.5.15]
	at org.apache.catalina.util.LifecycleBase.start(LifecycleBase.java:150) [tomcat-embed-core-8.5.15.jar:8.5.15]
	at org.apache.catalina.core.ContainerBase$StartChild.call(ContainerBase.java:1419) [tomcat-embed-core-8.5.15.jar:8.5.15]
	at org.apache.catalina.core.ContainerBase$StartChild.call(ContainerBase.java:1409) [tomcat-embed-core-8.5.15.jar:8.5.15]
	at java.util.concurrent.FutureTask.run(Unknown Source) [?:1.8.0_121]
	at java.util.concurrent.ThreadPoolExecutor.runWorker(Unknown Source) [?:1.8.0_121]
	at java.util.concurrent.ThreadPoolExecutor$Worker.run(Unknown Source) [?:1.8.0_121]
	at java.lang.Thread.run(Unknown Source) [?:1.8.0_121]
[17:12:22:271] [WARN] - org.springframework.boot.starter.redis.RedisStarterDeprecationWarningAutoConfiguration.logWarning(RedisStarterDeprecationWarningAutoConfiguration.java:43) - spring-boot-starter-redis is deprecated as of Spring Boot 1.4, please migrate to spring-boot-starter-data-redis
[17:22:15:202] [WARN] - org.apache.juli.logging.DirectJDKLog.log(DirectJDKLog.java:181) - Failed to scan [file:/E:/maven/repository/com/mchange/c3p0/0.9.5.2/mchange-commons-java-0.2.11.jar] from classloader hierarchy
java.io.FileNotFoundException: E:\maven\repository\com\mchange\c3p0\0.9.5.2\mchange-commons-java-0.2.11.jar (系统找不到指定的文件。)
	at java.util.zip.ZipFile.open(Native Method) ~[?:1.8.0_121]
	at java.util.zip.ZipFile.<init>(Unknown Source) ~[?:1.8.0_121]
	at java.util.zip.ZipFile.<init>(Unknown Source) ~[?:1.8.0_121]
	at java.util.jar.JarFile.<init>(Unknown Source) ~[?:1.8.0_121]
	at java.util.jar.JarFile.<init>(Unknown Source) ~[?:1.8.0_121]
	at org.apache.tomcat.util.scan.JarFileUrlJar.<init>(JarFileUrlJar.java:60) ~[tomcat-embed-core-8.5.15.jar:8.5.15]
	at org.apache.tomcat.util.scan.JarFactory.newInstance(JarFactory.java:49) ~[tomcat-embed-core-8.5.15.jar:8.5.15]
	at org.apache.tomcat.util.scan.StandardJarScanner.process(StandardJarScanner.java:338) ~[tomcat-embed-core-8.5.15.jar:8.5.15]
	at org.apache.tomcat.util.scan.StandardJarScanner.scan(StandardJarScanner.java:288) [tomcat-embed-core-8.5.15.jar:8.5.15]
	at org.apache.jasper.servlet.TldScanner.scanJars(TldScanner.java:262) [tomcat-embed-jasper-8.5.15.jar:8.5.15]
	at org.apache.jasper.servlet.TldScanner.scan(TldScanner.java:104) [tomcat-embed-jasper-8.5.15.jar:8.5.15]
	at org.apache.jasper.servlet.JasperInitializer.onStartup(JasperInitializer.java:101) [tomcat-embed-jasper-8.5.15.jar:8.5.15]
	at org.apache.catalina.core.StandardContext.startInternal(StandardContext.java:5196) [tomcat-embed-core-8.5.15.jar:8.5.15]
	at org.apache.catalina.util.LifecycleBase.start(LifecycleBase.java:150) [tomcat-embed-core-8.5.15.jar:8.5.15]
	at org.apache.catalina.core.ContainerBase$StartChild.call(ContainerBase.java:1419) [tomcat-embed-core-8.5.15.jar:8.5.15]
	at org.apache.catalina.core.ContainerBase$StartChild.call(ContainerBase.java:1409) [tomcat-embed-core-8.5.15.jar:8.5.15]
	at java.util.concurrent.FutureTask.run(Unknown Source) [?:1.8.0_121]
	at java.util.concurrent.ThreadPoolExecutor.runWorker(Unknown Source) [?:1.8.0_121]
	at java.util.concurrent.ThreadPoolExecutor$Worker.run(Unknown Source) [?:1.8.0_121]
	at java.lang.Thread.run(Unknown Source) [?:1.8.0_121]
[17:22:17:431] [WARN] - org.springframework.boot.starter.redis.RedisStarterDeprecationWarningAutoConfiguration.logWarning(RedisStarterDeprecationWarningAutoConfiguration.java:43) - spring-boot-starter-redis is deprecated as of Spring Boot 1.4, please migrate to spring-boot-starter-data-redis
[17:24:04:754] [WARN] - org.apache.juli.logging.DirectJDKLog.log(DirectJDKLog.java:181) - Failed to scan [file:/E:/maven/repository/com/mchange/c3p0/0.9.5.2/mchange-commons-java-0.2.11.jar] from classloader hierarchy
java.io.FileNotFoundException: E:\maven\repository\com\mchange\c3p0\0.9.5.2\mchange-commons-java-0.2.11.jar (系统找不到指定的文件。)
	at java.util.zip.ZipFile.open(Native Method) ~[?:1.8.0_121]
	at java.util.zip.ZipFile.<init>(Unknown Source) ~[?:1.8.0_121]
	at java.util.zip.ZipFile.<init>(Unknown Source) ~[?:1.8.0_121]
	at java.util.jar.JarFile.<init>(Unknown Source) ~[?:1.8.0_121]
	at java.util.jar.JarFile.<init>(Unknown Source) ~[?:1.8.0_121]
	at org.apache.tomcat.util.scan.JarFileUrlJar.<init>(JarFileUrlJar.java:60) ~[tomcat-embed-core-8.5.15.jar:8.5.15]
	at org.apache.tomcat.util.scan.JarFactory.newInstance(JarFactory.java:49) ~[tomcat-embed-core-8.5.15.jar:8.5.15]
	at org.apache.tomcat.util.scan.StandardJarScanner.process(StandardJarScanner.java:338) ~[tomcat-embed-core-8.5.15.jar:8.5.15]
	at org.apache.tomcat.util.scan.StandardJarScanner.scan(StandardJarScanner.java:288) [tomcat-embed-core-8.5.15.jar:8.5.15]
	at org.apache.jasper.servlet.TldScanner.scanJars(TldScanner.java:262) [tomcat-embed-jasper-8.5.15.jar:8.5.15]
	at org.apache.jasper.servlet.TldScanner.scan(TldScanner.java:104) [tomcat-embed-jasper-8.5.15.jar:8.5.15]
	at org.apache.jasper.servlet.JasperInitializer.onStartup(JasperInitializer.java:101) [tomcat-embed-jasper-8.5.15.jar:8.5.15]
	at org.apache.catalina.core.StandardContext.startInternal(StandardContext.java:5196) [tomcat-embed-core-8.5.15.jar:8.5.15]
	at org.apache.catalina.util.LifecycleBase.start(LifecycleBase.java:150) [tomcat-embed-core-8.5.15.jar:8.5.15]
	at org.apache.catalina.core.ContainerBase$StartChild.call(ContainerBase.java:1419) [tomcat-embed-core-8.5.15.jar:8.5.15]
	at org.apache.catalina.core.ContainerBase$StartChild.call(ContainerBase.java:1409) [tomcat-embed-core-8.5.15.jar:8.5.15]
	at java.util.concurrent.FutureTask.run(Unknown Source) [?:1.8.0_121]
	at java.util.concurrent.ThreadPoolExecutor.runWorker(Unknown Source) [?:1.8.0_121]
	at java.util.concurrent.ThreadPoolExecutor$Worker.run(Unknown Source) [?:1.8.0_121]
	at java.lang.Thread.run(Unknown Source) [?:1.8.0_121]
[17:24:06:771] [WARN] - org.springframework.boot.starter.redis.RedisStarterDeprecationWarningAutoConfiguration.logWarning(RedisStarterDeprecationWarningAutoConfiguration.java:43) - spring-boot-starter-redis is deprecated as of Spring Boot 1.4, please migrate to spring-boot-starter-data-redis
